{
  "RSpec": {
    "coverage": {
      "/home/miikka2/rorwepa/ratebeer/app/helpers/application_helper.rb": [
        1,
        null
      ],
      "/home/miikka2/rorwepa/ratebeer/app/helpers/beer_clubs_helper.rb": [
        1,
        null
      ],
      "/home/miikka2/rorwepa/ratebeer/app/helpers/beers_helper.rb": [
        1,
        null
      ],
      "/home/miikka2/rorwepa/ratebeer/app/helpers/breweries_helper.rb": [
        1,
        null
      ],
      "/home/miikka2/rorwepa/ratebeer/app/helpers/memberships_helper.rb": [
        1,
        null
      ],
      "/home/miikka2/rorwepa/ratebeer/app/helpers/users_helper.rb": [
        1,
        null
      ],
      "/home/miikka2/rorwepa/ratebeer/app/models/beer.rb": [
        1,
        1,
        1,
        1,
        null,
        1,
        1,
        null,
        1,
        1,
        null,
        1,
        2,
        null,
        null,
        1,
        0,
        null,
        null
      ],
      "/home/miikka2/rorwepa/ratebeer/app/models/application_record.rb": [
        1,
        1,
        null
      ],
      "/home/miikka2/rorwepa/ratebeer/app/models/concerns/rating_average.rb": [
        1,
        1,
        null,
        1,
        14,
        null,
        null
      ],
      "/home/miikka2/rorwepa/ratebeer/app/models/concerns/top.rb": [
        1,
        1,
        null,
        1,
        0,
        null,
        null
      ],
      "/home/miikka2/rorwepa/ratebeer/app/models/user.rb": [
        1,
        1,
        1,
        7,
        1,
        1,
        1,
        null,
        1,
        null,
        1,
        1,
        null,
        1,
        null,
        1,
        3,
        null,
        2,
        null,
        null,
        1,
        22,
        12,
        12,
        12,
        12,
        null,
        8,
        9,
        10,
        null,
        9,
        9,
        9,
        9,
        null,
        null,
        8,
        null,
        null,
        1,
        22,
        12,
        12,
        12,
        null,
        8,
        10,
        10,
        10,
        null,
        10,
        10,
        9,
        9,
        null,
        null,
        8,
        null,
        null,
        1,
        0,
        null,
        null,
        1,
        0,
        null,
        0,
        null,
        null,
        1,
        0,
        0,
        0,
        0,
        0,
        null,
        0,
        null,
        null
      ],
      "/home/miikka2/rorwepa/ratebeer/app/models/brewery.rb": [
        1,
        1,
        1,
        null,
        1,
        1,
        25,
        null,
        null,
        5,
        5,
        null,
        1,
        1,
        null,
        1,
        0,
        null,
        null,
        1,
        0,
        0,
        0,
        null,
        null,
        1,
        0,
        0,
        null,
        null
      ],
      "/home/miikka2/rorwepa/ratebeer/app/controllers/beers_controller.rb": [
        1,
        1,
        1,
        null,
        null,
        null,
        1,
        1,
        1,
        null,
        1,
        1,
        0,
        0,
        null,
        null,
        null,
        null,
        null,
        1,
        0,
        0,
        null,
        null,
        null,
        1,
        2,
        2,
        null,
        null,
        null,
        1,
        null,
        null,
        null,
        null,
        1,
        2,
        null,
        2,
        2,
        2,
        1,
        null,
        1,
        1,
        2,
        1,
        null,
        null,
        null,
        null,
        null,
        null,
        1,
        0,
        0,
        0,
        0,
        null,
        0,
        0,
        null,
        null,
        null,
        null,
        null,
        null,
        1,
        0,
        0,
        0,
        0,
        null,
        null,
        null,
        1,
        null,
        null,
        1,
        0,
        null,
        null,
        1,
        3,
        null,
        null,
        1,
        3,
        null,
        null,
        null,
        1,
        2,
        null,
        null
      ],
      "/home/miikka2/rorwepa/ratebeer/app/controllers/application_controller.rb": [
        1,
        1,
        null,
        1,
        null,
        1,
        45,
        null,
        18,
        null,
        null,
        1,
        6,
        6,
        6,
        6,
        null,
        null
      ],
      "/home/miikka2/rorwepa/ratebeer/app/controllers/breweries_controller.rb": [
        1,
        1,
        1,
        null,
        null,
        null,
        1,
        3,
        3,
        null,
        null,
        null,
        null,
        1,
        null,
        null,
        null,
        1,
        0,
        null,
        null,
        null,
        1,
        null,
        null,
        null,
        null,
        1,
        0,
        null,
        0,
        0,
        0,
        0,
        null,
        0,
        0,
        null,
        null,
        null,
        null,
        null,
        null,
        1,
        0,
        0,
        0,
        0,
        null,
        0,
        0,
        null,
        null,
        null,
        null,
        null,
        null,
        1,
        0,
        0,
        0,
        0,
        null,
        null,
        null,
        1,
        null,
        null,
        1,
        1,
        null,
        null,
        1,
        0,
        0,
        0,
        null,
        null,
        null,
        null,
        1,
        0,
        null,
        null
      ],
      "/home/miikka2/rorwepa/ratebeer/app/models/rating.rb": [
        1,
        1,
        1,
        null,
        1,
        null,
        null,
        null,
        1,
        null,
        1,
        0,
        null,
        null
      ],
      "/home/miikka2/rorwepa/ratebeer/lib/beermapping_api.rb": [
        1,
        1,
        5,
        null,
        5,
        null,
        5,
        4,
        4,
        null,
        5,
        null,
        null,
        1,
        4,
        4,
        4,
        null,
        4,
        null,
        3,
        8,
        null,
        null,
        1,
        4,
        null,
        null
      ],
      "/home/miikka2/rorwepa/ratebeer/app/models/place.rb": [
        1,
        1,
        6,
        null,
        null,
        1,
        0,
        null,
        null
      ],
      "/home/miikka2/rorwepa/ratebeer/app/controllers/places_controller.rb": [
        1,
        1,
        null,
        null,
        1,
        0,
        0,
        0,
        null,
        null,
        1,
        3,
        3,
        3,
        1,
        null,
        2,
        null,
        null,
        null
      ],
      "/home/miikka2/rorwepa/ratebeer/app/controllers/sessions_controller.rb": [
        1,
        1,
        null,
        null,
        1,
        3,
        3,
        3,
        2,
        2,
        null,
        1,
        null,
        null,
        null,
        1,
        0,
        0,
        null,
        null
      ],
      "/home/miikka2/rorwepa/ratebeer/app/controllers/users_controller.rb": [
        1,
        1,
        null,
        null,
        null,
        1,
        0,
        null,
        null,
        null,
        null,
        1,
        null,
        null,
        null,
        1,
        1,
        null,
        null,
        null,
        1,
        null,
        null,
        null,
        null,
        1,
        1,
        null,
        1,
        1,
        2,
        1,
        null,
        0,
        0,
        null,
        null,
        null,
        null,
        null,
        null,
        1,
        0,
        0,
        0,
        0,
        0,
        0,
        null,
        0,
        0,
        null,
        null,
        null,
        null,
        null,
        null,
        1,
        0,
        0,
        0,
        null,
        0,
        0,
        0,
        null,
        null,
        null,
        1,
        null,
        null,
        1,
        6,
        null,
        null,
        null,
        1,
        1,
        null,
        null
      ],
      "/home/miikka2/rorwepa/ratebeer/app/models/membership.rb": [
        1,
        1,
        1,
        null,
        1,
        1,
        null,
        1,
        0,
        0,
        null,
        null
      ],
      "/home/miikka2/rorwepa/ratebeer/app/models/beer_club.rb": [
        1,
        1,
        1,
        1,
        1,
        null
      ],
      "/home/miikka2/rorwepa/ratebeer/app/controllers/ratings_controller.rb": [
        1,
        1,
        0,
        0,
        0,
        0,
        null,
        null,
        1,
        1,
        1,
        null,
        null,
        1,
        1,
        1,
        1,
        1,
        1,
        null,
        0,
        null,
        null,
        0,
        null,
        null,
        null,
        1,
        0,
        0,
        0,
        null,
        null
      ],
      "/home/miikka2/rorwepa/ratebeer/app/jobs/application_job.rb": [
        0,
        0
      ],
      "/home/miikka2/rorwepa/ratebeer/app/mailers/application_mailer.rb": [
        0,
        0,
        0,
        0
      ],
      "/home/miikka2/rorwepa/ratebeer/app/controllers/beer_clubs_controller.rb": [
        0,
        0,
        null,
        null,
        null,
        0,
        0,
        0,
        0,
        null,
        null,
        null,
        0,
        0,
        0,
        0,
        0,
        0,
        0,
        0,
        0,
        0,
        null,
        null,
        0,
        0,
        0,
        null,
        null,
        0,
        0,
        null,
        null,
        null,
        0,
        0,
        null,
        0,
        0,
        0,
        0,
        0,
        0,
        0,
        0,
        0,
        0,
        0,
        null,
        null,
        null,
        0,
        0,
        0,
        0,
        0,
        0,
        0,
        0,
        0,
        0,
        0,
        null,
        null,
        null,
        0,
        0,
        0,
        0,
        0,
        0,
        0,
        null,
        0,
        null,
        null,
        0,
        0,
        0,
        null,
        null,
        0,
        0,
        0,
        0
      ],
      "/home/miikka2/rorwepa/ratebeer/app/controllers/memberships_controller.rb": [
        0,
        0,
        null,
        null,
        null,
        0,
        0,
        0,
        null,
        null,
        null,
        0,
        0,
        null,
        null,
        0,
        0,
        0,
        0,
        0,
        0,
        0,
        0,
        null,
        null,
        0,
        0,
        null,
        null,
        null,
        0,
        0,
        0,
        0,
        0,
        null,
        0,
        0,
        0,
        0,
        0,
        0,
        0,
        0,
        0,
        0,
        0,
        null,
        0,
        0,
        0,
        0,
        0,
        null,
        null,
        null,
        0,
        0,
        0,
        0,
        0,
        0,
        0,
        0,
        0,
        0,
        0,
        null,
        null,
        null,
        0,
        0,
        0,
        0,
        0,
        0,
        0,
        null,
        0,
        null,
        null,
        0,
        0,
        0,
        null,
        null,
        0,
        0,
        0,
        0
      ],
      "/home/miikka2/rorwepa/ratebeer/app/channels/application_cable/channel.rb": [
        0,
        0,
        0,
        0
      ],
      "/home/miikka2/rorwepa/ratebeer/app/channels/application_cable/connection.rb": [
        0,
        0,
        0,
        0
      ]
    },
    "timestamp": 1540242903
  }
}
